<<<<<<< HEAD
﻿生成启动时间为 2020/6/14 21:40:39。
     1>项目“E:\Ice_bitwork\bit-githup\DS_code\Pro_Sort\Pro_Sort\Pro_Sort.vcxproj”在节点 2 上(Build 个目标)。
     1>C:\Program Files (x86)\MSBuild\Microsoft\VisualStudio\v12.0\CodeAnalysis\Microsoft.CodeAnalysis.targets(214,5): error : 此编译的源文件可以在以下位置找到:“C:\windows\TEMP\a8520db6-8562-4516-bcc8-e554ac9aaed6.txt”
     1>C:\Program Files (x86)\MSBuild\Microsoft\VisualStudio\v12.0\CodeAnalysis\Microsoft.CodeAnalysis.targets(214,5): error MSB3758: 编译时出错。error CS2001: 未能找到源文件“C:\windows\TEMP\p2lhb2sw.0.cs”
     1>C:\Program Files (x86)\MSBuild\Microsoft\VisualStudio\v12.0\CodeAnalysis\Microsoft.CodeAnalysis.targets(214,5): error MSB3758: 编译时出错。warning CS2008: 未指定源文件
     1>C:\Program Files (x86)\MSBuild\Microsoft\VisualStudio\v12.0\CodeAnalysis\Microsoft.CodeAnalysis.targets(214,5): error MSB4036: 未找到“SetEnvironmentVariable”任务。请检查下列各项:  1.) 项目文件中的任务名称与任务类的名称相同。2.) 任务类为“public”且实现 Microsoft.Build.Framework.ITask 接口。3.) 在项目文件中或位于“C:\Program Files (x86)\MSBuild\12.0\bin”目录的 *.tasks 文件中使用 <UsingTask> 正确声明了该任务。
     1>已完成生成项目“E:\Ice_bitwork\bit-githup\DS_code\Pro_Sort\Pro_Sort\Pro_Sort.vcxproj”(Build 个目标)的操作 - 失败。
=======
﻿生成启动时间为 2020/5/10 10:54:23。
     1>项目“E:\Ice_bitwork\bit-githup\DS_code\Pro_Sort\Pro_Sort\Pro_Sort.vcxproj”在节点 2 上(Build 个目标)。
     1>ClCompile:
         E:\Program Files (x86)\Microsoft Visual Studio 12.0\VC\bin\CL.exe /c /ZI /nologo /W3 /WX- /sdl /Od /Oy- /D _MBCS /Gm /EHsc /RTC1 /MDd /GS /fp:precise /Zc:wchar_t /Zc:forScope /Fo"Debug\\" /Fd"Debug\vc120.pdb" /Gd /TC /analyze- /errorReport:prompt sort.c tect.c
         tect.c
         sort.c
     1>e:\ice_bitwork\bit-githup\ds_code\pro_sort\pro_sort\sort.c(304): warning C4013: “memcpy”未定义；假设外部返回 int
         正在生成代码...
       Link:
         E:\Program Files (x86)\Microsoft Visual Studio 12.0\VC\bin\link.exe /ERRORREPORT:PROMPT /OUT:"E:\Ice_bitwork\bit-githup\DS_code\Pro_Sort\Debug\Pro_Sort.exe" /INCREMENTAL /NOLOGO kernel32.lib user32.lib gdi32.lib winspool.lib comdlg32.lib advapi32.lib shell32.lib ole32.lib oleaut32.lib uuid.lib odbc32.lib odbccp32.lib /MANIFEST /MANIFESTUAC:"level='asInvoker' uiAccess='false'" /manifest:embed /DEBUG /PDB:"E:\Ice_bitwork\bit-githup\DS_code\Pro_Sort\Debug\Pro_Sort.pdb" /TLBID:1 /DYNAMICBASE /NXCOMPAT /IMPLIB:"E:\Ice_bitwork\bit-githup\DS_code\Pro_Sort\Debug\Pro_Sort.lib" /MACHINE:X86 Debug\sort.obj
         Debug\tect.obj
         Pro_Sort.vcxproj -> E:\Ice_bitwork\bit-githup\DS_code\Pro_Sort\Debug\Pro_Sort.exe
     1>已完成生成项目“E:\Ice_bitwork\bit-githup\DS_code\Pro_Sort\Pro_Sort\Pro_Sort.vcxproj”(Build 个目标)的操作。
>>>>>>> 329c72598bce757a308f3996837de0ca21478b90

生成失败。

<<<<<<< HEAD
已用时间 00:00:01.00
=======
已用时间 00:00:00.45
>>>>>>> 329c72598bce757a308f3996837de0ca21478b90
